<?xml version="1.0" encoding="UTF-8"?>
<!-- Generated by org.testng.reporters.JUnitXMLReporter -->
<testsuite ignored="0" hostname="DESKTOP-3BDCUU4" failures="1" tests="20" name="Test" time="223.463" errors="0" timestamp="2023-03-07T10:51:29 IST">
  <testcase classname="com.ParasoftHybridframework.TestCases.TC_ContactUsLink_001" name="contactus" time="5.795"/>
  <testcase classname="com.ParasoftHybridframework.TestCases.TC_CustomersLink_003" name="customers" time="7.367"/>
  <testcase classname="com.ParasoftHybridframework.TestCases.TC_Industriesdrp_008" name="Automotive" time="7.064"/>
  <testcase classname="com.ParasoftHybridframework.TestCases.TC_Industriesdrp_008" name="CivilAviation" time="6.004"/>
  <testcase classname="com.ParasoftHybridframework.TestCases.TC_Industriesdrp_008" name="Finance" time="6.049"/>
  <testcase classname="com.ParasoftHybridframework.TestCases.TC_Industriesdrp_008" name="Government" time="4.63"/>
  <testcase classname="com.ParasoftHybridframework.TestCases.TC_SolutionsDrpdwn_004" name="APIsecurityTesting" time="2.64"/>
  <testcase classname="com.ParasoftHybridframework.TestCases.TC_SolutionsDrpdwn_004" name="APItesting" time="3.849"/>
  <testcase classname="com.ParasoftHybridframework.TestCases.TC_SolutionsDrpdwn_004" name="CodeCoverage" time="2.756"/>
  <testcase classname="com.ParasoftHybridframework.TestCases.TC_SolutionsDrpdwn_004" name="UnitTesting" time="0.673"/>
  <testcase classname="com.ParasoftHybridframework.TestCases.TC_Productsdrp_007" name="ParasoftJtest" time="10.484"/>
  <testcase classname="com.ParasoftHybridframework.TestCases.TC_Productsdrp_007" name="ParasoftSOAtest" time="7.27"/>
  <testcase classname="com.ParasoftHybridframework.TestCases.TC_Productsdrp_007" name="products" time="18.616">
    <failure type="org.openqa.selenium.StaleElementReferenceException" message="stale element reference: element is not attached to the page document
  (Session info: MicrosoftEdge=110.0.1587.63)
For documentation on this error, please visit: https://selenium.dev/exceptions/#stale_element_reference
Build info: version: &amp;apos;4.8.1&amp;apos;, revision: &amp;apos;8ebccac989&amp;apos;
System info: os.name: &amp;apos;Windows 10&amp;apos;, os.arch: &amp;apos;amd64&amp;apos;, os.version: &amp;apos;10.0&amp;apos;, java.version: &amp;apos;19.0.2&amp;apos;
Driver info: org.openqa.selenium.edge.EdgeDriver
Command: [df71bc17c579a72c512a3043bb9a25f5, clickElement {id=d9408800-98b0-4d70-9041-fbce5bb7329c}]
Capabilities {acceptInsecureCerts: false, browserName: msedge, browserVersion: 110.0.1587.63, ms:edgeOptions: {debuggerAddress: localhost:56111}, msedge: {msedgedriverVersion: 110.0.1587.49 (1ab6022837fd..., userDataDir: C:\Users\hai\AppData\Local\...}, networkConnectionEnabled: false, pageLoadStrategy: normal, platformName: WINDOWS, proxy: Proxy(), se:cdp: ws://localhost:56111/devtoo..., se:cdpVersion: 110.0.1587.63, setWindowRect: true, strictFileInteractability: false, timeouts: {implicit: 0, pageLoad: 300000, script: 30000}, unhandledPromptBehavior: dismiss and notify, webauthn:extension:credBlob: true, webauthn:extension:largeBlob: true, webauthn:virtualAuthenticators: true}
Element: [[EdgeDriver: msedge on WINDOWS (df71bc17c579a72c512a3043bb9a25f5)] -&amp;gt; xpath: //a[text()=&amp;apos;Contact Us&amp;apos;]]
Session ID: df71bc17c579a72c512a3043bb9a25f5">
      <![CDATA[org.openqa.selenium.StaleElementReferenceException: stale element reference: element is not attached to the page document
  (Session info: MicrosoftEdge=110.0.1587.63)
For documentation on this error, please visit: https://selenium.dev/exceptions/#stale_element_reference
Build info: version: '4.8.1', revision: '8ebccac989'
System info: os.name: 'Windows 10', os.arch: 'amd64', os.version: '10.0', java.version: '19.0.2'
Driver info: org.openqa.selenium.edge.EdgeDriver
Command: [df71bc17c579a72c512a3043bb9a25f5, clickElement {id=d9408800-98b0-4d70-9041-fbce5bb7329c}]
Capabilities {acceptInsecureCerts: false, browserName: msedge, browserVersion: 110.0.1587.63, ms:edgeOptions: {debuggerAddress: localhost:56111}, msedge: {msedgedriverVersion: 110.0.1587.49 (1ab6022837fd..., userDataDir: C:\Users\hai\AppData\Local\...}, networkConnectionEnabled: false, pageLoadStrategy: normal, platformName: WINDOWS, proxy: Proxy(), se:cdp: ws://localhost:56111/devtoo..., se:cdpVersion: 110.0.1587.63, setWindowRect: true, strictFileInteractability: false, timeouts: {implicit: 0, pageLoad: 300000, script: 30000}, unhandledPromptBehavior: dismiss and notify, webauthn:extension:credBlob: true, webauthn:extension:largeBlob: true, webauthn:virtualAuthenticators: true}
Element: [[EdgeDriver: msedge on WINDOWS (df71bc17c579a72c512a3043bb9a25f5)] -> xpath: //a[text()='Contact Us']]
Session ID: df71bc17c579a72c512a3043bb9a25f5
at org.openqa.selenium.remote.codec.w3c.W3CHttpResponseCodec.createException(W3CHttpResponseCodec.java:200)
at org.openqa.selenium.remote.codec.w3c.W3CHttpResponseCodec.decode(W3CHttpResponseCodec.java:133)
at org.openqa.selenium.remote.codec.w3c.W3CHttpResponseCodec.decode(W3CHttpResponseCodec.java:53)
at org.openqa.selenium.remote.HttpCommandExecutor.execute(HttpCommandExecutor.java:184)
at org.openqa.selenium.remote.service.DriverCommandExecutor.invokeExecute(DriverCommandExecutor.java:167)
at org.openqa.selenium.remote.service.DriverCommandExecutor.execute(DriverCommandExecutor.java:142)
at org.openqa.selenium.remote.RemoteWebDriver.execute(RemoteWebDriver.java:543)
at org.openqa.selenium.remote.RemoteWebElement.execute(RemoteWebElement.java:257)
at org.openqa.selenium.remote.RemoteWebElement.click(RemoteWebElement.java:78)
at org.openqa.selenium.support.pagefactory.internal.LocatingElementHandler.invoke(LocatingElementHandler.java:52)
at jdk.proxy2/jdk.proxy2.$Proxy19.click(Unknown Source)
at com.ParasoftHybridframework.Pageobjects.ContactUsLink.ClickOnContactUs(ContactUsLink.java:47)
at com.ParasoftHybridframework.TestCases.TC_Productsdrp_007.products(TC_Productsdrp_007.java:37)
at java.base/java.util.ArrayList.forEach(ArrayList.java:1511)
... Removed 30 stack frames]]>
    </failure>
  </testcase> <!-- products -->
  <testcase classname="com.ParasoftHybridframework.TestCases.TC_SupportLink_005" name="supportlink" time="0.47"/>
  <testcase classname="com.ParasoftHybridframework.TestCases.TC_TryParasoftLink_002" name="tryparasoft" time="6.998"/>
  <testcase classname="com.ParasoftHybridframework.TestCases.TC_Languagedrp_006" name="languagedrp" time="5.997"/>
  <testcase classname="com.ParasoftHybridframework.TestCases.TC_Resourcesdrp_009" name="AnalystResearch" time="3.074"/>
  <testcase classname="com.ParasoftHybridframework.TestCases.TC_Resourcesdrp_009" name="Blog" time="3.007"/>
  <testcase classname="com.ParasoftHybridframework.TestCases.TC_Resourcesdrp_009" name="Brouchures" time="2.931"/>
  <testcase classname="com.ParasoftHybridframework.TestCases.TC_Resourcesdrp_009" name="CaseStudies" time="2.829"/>
</testsuite> <!-- Test -->
